What operation you want to preform.......

1.Interest Calculation
2.Construction cost Estimation
Enter your option : 

1.Simple Interest
2.Compond Interest
Enter your option : 

Enter Principal Amount : 

Enter Rate of Interest : 

Enter Time period : 

Total Interest : 1.823744572E7 INR.

Total Amount : 1.823756772E7 INR.

What operation you want to preform.......

1.Interest Calculation
2.Construction cost Estimation
Enter your option : 

1.Simple Interest
2.Compond Interest
Enter your option : 

Enter Principal Amount : 

Enter Rate of Interest : 

Enter Time period : 

Total Interest : 48.0 INR.

Total Amount : 1248.0 INR.

